#
# There is insufficient memory for the Java Runtime Environment to continue.
# Native memory allocation (mmap) failed to map 400556032 bytes for Failed to commit area from 0x0000000683a00000 to 0x000000069b800000 of length 400556032.
# Possible reasons:
#   The system is out of physical RAM or swap space
#   The process is running with CompressedOops enabled, and the Java Heap may be blocking the growth of the native heap
# Possible solutions:
#   Reduce memory load on the system
#   Increase physical memory or swap space
#   Check if swap backing store is full
#   Decrease Java heap size (-Xmx/-Xms)
#   Decrease number of Java threads
#   Decrease Java thread stack sizes (-Xss)
#   Set larger code cache with -XX:ReservedCodeCacheSize=
# This output file may be truncated or incomplete.
#
#  Out of Memory Error (./src/hotspot/os/windows/os_windows.cpp:3301), pid=5132, tid=7768
#
# JRE version:  (11.0.11+9) (build )
# Java VM: OpenJDK 64-Bit Server VM (11.0.11+9-b60-7590822, mixed mode, sharing, tiered, compressed oops, g1 gc, windows-amd64)
# No core dump will be written. Minidumps are not enabled by default on client versions of Windows
#

---------------  S U M M A R Y ------------

Command Line: org.jetbrains.git4idea.http.GitAskPassApp Username for 'https://github.com': 

Host: Intel(R) Core(TM) i7-10510U CPU @ 1.80GHz, 8 cores, 23G,  Windows 10 , 64 bit Build 19041 (10.0.19041.1566)
Time: Tue Mar 22 03:07:06 2022 Egypt Standard Time elapsed time: 0.024251 seconds (0d 0h 0m 0s)

---------------  T H R E A D  ---------------

Current thread (0x000001aa4ecdb000):  JavaThread "Unknown thread" [_thread_in_vm, id=7768, stack(0x0000008d7bd00000,0x0000008d7be00000)]

Stack: [0x0000008d7bd00000,0x0000008d7be00000]
Native frames: (J=compiled Java code, j=interpreted, Vv=VM code, C=native code)
V  [jvm.dll+0x5f214a]
V  [jvm.dll+0x726fb5]
V  [jvm.dll+0x7285cd]
V  [jvm.dll+0x728c83]
V  [jvm.dll+0x243278]
V  [jvm.dll+0x5ef544]
V  [jvm.dll+0x5e4495]
V  [jvm.dll+0x2fec5b]
V  [jvm.dll+0x2febca]
V  [jvm.dll+0x2feaa2]
V  [jvm.dll+0x303986]
V  [jvm.dll+0x34c3a3]
V  [jvm.dll+0x34caa6]
V  [jvm.dll+0x34c4a3]
V  [jvm.dll+0x2d9688]
V  [jvm.dll+0x2da837]
V  [jvm.dll+0x705ba7]
V  [jvm.dll+0x70739c]
V  [jvm.dll+0x3598f9]
V  [jvm.dll+0x6e931e]
V  [jvm.dll+0x3c1c43]
V  [jvm.dll+0x3c3e81]
C  [jli.dll+0x5373]
C  [ucrtbase.dll+0x21bb2]
C  [KERNEL32.DLL+0x17034]
C  [ntdll.dll+0x52651]


---------------  P R O C E S S  ---------------

Threads class SMR info:
_java_thread_list=0x000001aa4cbc78f0, length=0, elements={
}

Java Threads: ( => current thread )

Other Threads:
  0x000001aa4ecf1800 GCTaskThread "GC Thread#0" [stack: 0x0000008d7be00000,0x0000008d7bf00000] [id=652]
  0x000001aa4ed7a000 ConcurrentGCThread "G1 Main Marker" [stack: 0x0000008d7bf00000,0x0000008d7c000000] [id=13060]
  0x000001aa4ed7c800 ConcurrentGCThread "G1 Conc#0" [stack: 0x0000008d7c000000,0x0000008d7c100000] [id=6812]

[error occurred during error reporting (printing all threads), id 0xc0000005, EXCEPTION_ACCESS_VIOLATION (0xc0000005) at pc=0x00007ffedde69c47]

VM state:not at safepoint (not fully initialized)

VM Mutex/Monitor currently owned by a thread:  ([mutex/lock_event])
[0x000001aa4ecd75b0] Heap_lock - owner thread: 0x000001aa4ecdb000

Heap address: 0x0000000683a00000, size: 6086 MB, Compressed Oops mode: Non-zero based: 0x0000000683a00000
Narrow klass base: 0x0000000000000000, Narrow klass shift: 0

GC Heap History (0 events):
No events

Deoptimization events (0 events):
No events

Classes redefined (0 events):
No events

Internal exceptions (0 events):
No events

Events (1 events):
Event: 0.017 Loaded shared library C:\Program Files\Android\Android Studio\jre\bin\zip.dll


Dynamic libraries:
0x00007ff70bc70000 - 0x00007ff70bc7a000 	C:\Program Files\Android\Android Studio\jre\bin\java.exe
0x00007fff37990000 - 0x00007fff37b85000 	C:\Windows\SYSTEM32\ntdll.dll
0x00007fff37830000 - 0x00007fff378ee000 	C:\Windows\System32\KERNEL32.DLL
0x00007fff35260000 - 0x00007fff35528000 	C:\Windows\System32\KERNELBASE.dll
0x00007fff35760000 - 0x00007fff35860000 	C:\Windows\System32\ucrtbase.dll
0x00007fff2c250000 - 0x00007fff2c269000 	C:\Program Files\Android\Android Studio\jre\bin\jli.dll
0x00007fff2c230000 - 0x00007fff2c247000 	C:\Program Files\Android\Android Studio\jre\bin\VCRUNTIME140.dll
0x00007fff36ce0000 - 0x00007fff36e80000 	C:\Windows\System32\USER32.dll
0x00007fff15160000 - 0x00007fff153fa000 	C:\Windows\WinSxS\amd64_microsoft.windows.common-controls_6595b64144ccf1df_6.0.19041.1110_none_60b5254171f9507e\COMCTL32.dll
0x00007fff359f0000 - 0x00007fff35a8e000 	C:\Windows\System32\msvcrt.dll
0x00007fff35230000 - 0x00007fff35252000 	C:\Windows\System32\win32u.dll
0x00007fff36a30000 - 0x00007fff36a5b000 	C:\Windows\System32\GDI32.dll
0x00007fff35120000 - 0x00007fff3522b000 	C:\Windows\System32\gdi32full.dll
0x00007fff356c0000 - 0x00007fff3575d000 	C:\Windows\System32\msvcp_win.dll
0x00007fff364a0000 - 0x00007fff364d0000 	C:\Windows\System32\IMM32.DLL
0x00007fff040a0000 - 0x00007fff0413d000 	C:\Program Files\Android\Android Studio\jre\bin\msvcp140.dll
0x00007ffeddb80000 - 0x00007ffede655000 	C:\Program Files\Android\Android Studio\jre\bin\server\jvm.dll
0x00007fff36e80000 - 0x00007fff36f2e000 	C:\Windows\System32\ADVAPI32.dll
0x00007fff374d0000 - 0x00007fff3756c000 	C:\Windows\System32\sechost.dll
0x00007fff37650000 - 0x00007fff37775000 	C:\Windows\System32\RPCRT4.dll
0x00007fff36c00000 - 0x00007fff36c08000 	C:\Windows\System32\PSAPI.DLL
0x00007fff23480000 - 0x00007fff23489000 	C:\Windows\SYSTEM32\WSOCK32.dll
0x00007fff36b90000 - 0x00007fff36bfb000 	C:\Windows\System32\WS2_32.dll
0x00007fff16e60000 - 0x00007fff16e87000 	C:\Windows\SYSTEM32\WINMM.dll
0x00007fff2c490000 - 0x00007fff2c49a000 	C:\Windows\SYSTEM32\VERSION.dll
0x00007fff33950000 - 0x00007fff33962000 	C:\Windows\SYSTEM32\kernel.appcore.dll
0x00007fff11690000 - 0x00007fff116a1000 	C:\Program Files\Android\Android Studio\jre\bin\verify.dll
0x00007fff32d30000 - 0x00007fff32f14000 	C:\Windows\SYSTEM32\DBGHELP.DLL
0x00007fff244a0000 - 0x00007fff244cc000 	C:\Windows\SYSTEM32\dbgcore.DLL
0x00007fff35630000 - 0x00007fff356b2000 	C:\Windows\System32\bcryptPrimitives.dll
0x00007fff0ec00000 - 0x00007fff0ec29000 	C:\Program Files\Android\Android Studio\jre\bin\java.dll
0x00007fff11830000 - 0x00007fff1183b000 	C:\Program Files\Android\Android Studio\jre\bin\jimage.dll
0x00007fff11670000 - 0x00007fff11688000 	C:\Program Files\Android\Android Studio\jre\bin\zip.dll

dbghelp: loaded successfully - version: 4.0.5 - missing functions: none
symbol engine: initialized successfully - sym options: 0x614 - pdb path: .;C:\Program Files\Android\Android Studio\jre\bin;C:\Windows\SYSTEM32;C:\Windows\WinSxS\amd64_microsoft.windows.common-controls_6595b64144ccf1df_6.0.19041.1110_none_60b5254171f9507e;C:\Program Files\Android\Android Studio\jre\bin\server

VM Arguments:
java_command: org.jetbrains.git4idea.http.GitAskPassApp Username for 'https://github.com': 
java_class_path (initial): C:/Program Files/Android/Android Studio/plugins/git4idea/lib/git4idea-rt.jar;C:/Program Files/Android/Android Studio/lib/xmlrpc-2.0.1.jar;C:/Program Files/Android/Android Studio/lib/commons-codec-1.15.jar
Launcher Type: SUN_STANDARD

[Global flags]
     intx CICompilerCount                          = 4                                         {product} {ergonomic}
     uint ConcGCThreads                            = 2                                         {product} {ergonomic}
     uint G1ConcRefinementThreads                  = 8                                         {product} {ergonomic}
   size_t G1HeapRegionSize                         = 1048576                                   {product} {ergonomic}
    uintx GCDrainStackTargetSize                   = 64                                        {product} {ergonomic}
   size_t InitialHeapSize                          = 400556032                                 {product} {ergonomic}
   size_t MarkStackSize                            = 4194304                                   {product} {ergonomic}
   size_t MaxHeapSize                              = 6381633536                                {product} {ergonomic}
   size_t MinHeapDeltaBytes                        = 1048576                                   {product} {ergonomic}
    uintx NonNMethodCodeHeapSize                   = 5836300                                {pd product} {ergonomic}
    uintx NonProfiledCodeHeapSize                  = 122910970                              {pd product} {ergonomic}
    uintx ProfiledCodeHeapSize                     = 122910970                              {pd product} {ergonomic}
    uintx ReservedCodeCacheSize                    = 251658240                              {pd product} {ergonomic}
     bool SegmentedCodeCache                       = true                                      {product} {ergonomic}
     bool UseCompressedClassPointers               = true                                 {lp64_product} {ergonomic}
     bool UseCompressedOops                        = true                                 {lp64_product} {ergonomic}
     bool UseG1GC                                  = true                                      {product} {ergonomic}
     bool UseLargePagesIndividualAllocation        = false                                  {pd product} {ergonomic}

Logging:
Log output configuration:
 #0: stdout all=warning uptime,level,tags
 #1: stderr all=off uptime,level,tags

Environment Variables:
PATH=C:\Program Files\Git\mingw64\libexec\git-core;C:\Program Files\Git\mingw64\libexec\git-core;C:\Program Files\Git\mingw64\bin;C:\Program Files\Git\usr\bin;C:\Users\Abdullah Amin\bin;C:\Windows\system32;C:\Windows;C:\Windows\System32\Wbem;C:\Windows\System32\WindowsPowerShell\v1.0;C:\Windows\System32\OpenSSH;C:\Program Files\Git\cmd;C:\Users\Abdullah Amin\AppData\Local\Microsoft\WindowsApps
USERNAME=Abdullah Amin
DISPLAY=:0.0
LC_ALL=en_US.UTF-8
OS=Windows_NT
PROCESSOR_IDENTIFIER=Intel64 Family 6 Model 142 Stepping 12, GenuineIntel



---------------  S Y S T E M  ---------------

OS: Windows 10 , 64 bit Build 19041 (10.0.19041.1566)
OS uptime: 1 days 7:44 hours

CPU:total 8 (initial active 8) (4 cores per cpu, 2 threads per core) family 6 model 142 stepping 12 microcode 0xec, cmov, cx8, fxsr, mmx, sse, sse2, sse3, ssse3, sse4.1, sse4.2, popcnt, avx, avx2, aes, clmul, erms, 3dnowpref, lzcnt, ht, tsc, tscinvbit, bmi1, bmi2, adx, fma

Memory: 4k page, system-wide physical 24336M (670M free)
TotalPageFile size 54782M (AvailPageFile size 382M)
current process WorkingSet (physical memory assigned to process): 10M, peak: 10M
current process commit charge ("private bytes"): 61M, peak: 443M

vm_info: OpenJDK 64-Bit Server VM (11.0.11+9-b60-7590822) for windows-amd64 JRE (11.0.11+9-b60-7590822), built on Jul 29 2021 21:43:44 by "builder" with MS VC++ 14.0 (VS2015)

END.
